DEB [20200926-19:15:33.771] thr=1   paramiko.transport: starting thread (client mode): 0x6dc9f588
DEB [20200926-19:15:33.771] thr=1   paramiko.transport: Local version/idstring: SSH-2.0-paramiko_2.7.1
DEB [20200926-19:15:45.935] thr=1   paramiko.transport: Remote version/idstring: SSH-2.0-OpenSSH_7.2 FreeBSD-20160310
INF [20200926-19:15:45.935] thr=1   paramiko.transport: Connected (version 2.0, client OpenSSH_7.2)
DEB [20200926-19:15:45.938] thr=1   paramiko.transport: kex algos:['diffie-hellman-group-exchange-sha256', 'diffie-hellman-group-exchange-sha1', 'diffie-hellman-group14-sha1', 'ecdh-sha2-nistp256', 'ecdh-sha2-nistp384', 'ecdh-sha2-nistp521', 'curve25519-sha256@libssh.org'] server key:['ssh-rsa', 'rsa-sha2-512', 'rsa-sha2-256', 'ssh-dss', 'ecdsa-sha2-nistp256', 'ssh-ed25519'] client encrypt:['aes256-ctr', 'aes192-ctr', 'aes128-ctr', 'aes256-cbc', 'aes192-cbc', 'aes128-cbc', '3des-cbc', 'aes128-gcm@openssh.com', 'aes256-gcm@openssh.com'] server encrypt:['aes256-ctr', 'aes192-ctr', 'aes128-ctr', 'aes256-cbc', 'aes192-cbc', 'aes128-cbc', '3des-cbc', 'aes128-gcm@openssh.com', 'aes256-gcm@openssh.com'] client mac:['hmac-sha1', 'hmac-sha1-96', 'hmac-sha2-256', 'hmac-sha2-512', 'hmac-sha1-etm@openssh.com', 'hmac-sha1-96-etm@openssh.com', 'hmac-sha2-256-etm@openssh.com', 'hmac-sha2-512-etm@openssh.com', 'hmac-md5', 'hmac-md5-96', 'umac-64@openssh.com', 'umac-128@openssh.com', 'hmac-md5-etm@openssh.com', 'hmac-md5-96-etm@openssh.com', 'umac-64-etm@openssh.com', 'umac-128-etm@openssh.com'] server mac:['hmac-sha1', 'hmac-sha1-96', 'hmac-sha2-256', 'hmac-sha2-512', 'hmac-sha1-etm@openssh.com', 'hmac-sha1-96-etm@openssh.com', 'hmac-sha2-256-etm@openssh.com', 'hmac-sha2-512-etm@openssh.com', 'hmac-md5', 'hmac-md5-96', 'umac-64@openssh.com', 'umac-128@openssh.com', 'hmac-md5-etm@openssh.com', 'hmac-md5-96-etm@openssh.com', 'umac-64-etm@openssh.com', 'umac-128-etm@openssh.com'] client compress:['none', 'zlib@openssh.com'] server compress:['none', 'zlib@openssh.com'] client lang:[''] server lang:[''] kex follows?False
DEB [20200926-19:15:45.938] thr=1   paramiko.transport: Kex agreed: curve25519-sha256@libssh.org
DEB [20200926-19:15:45.938] thr=1   paramiko.transport: HostKey agreed: ssh-ed25519
DEB [20200926-19:15:45.938] thr=1   paramiko.transport: Cipher agreed: aes128-ctr
DEB [20200926-19:15:45.938] thr=1   paramiko.transport: MAC agreed: hmac-sha2-256
DEB [20200926-19:15:45.938] thr=1   paramiko.transport: Compression agreed: none
DEB [20200926-19:15:45.948] thr=1   paramiko.transport: kex engine KexCurve25519 specified hash_algo <built-in function openssl_sha256>
DEB [20200926-19:15:45.949] thr=1   paramiko.transport: Switch to new keys ...
DEB [20200926-19:15:45.950] thr=2   paramiko.transport: Adding ssh-ed25519 host key for 192.168.1.200: b'd97d8a0ebc5cfa0cf4111bec19d359ac'
DEB [20200926-19:15:46.051] thr=1   paramiko.transport: userauth is OK
INF [20200926-19:15:52.171] thr=1   paramiko.transport: Authentication (password) successful!
DEB [20200926-19:15:52.172] thr=2   paramiko.transport: [chan 0] Max packet in: 32768 bytes
DEB [20200926-19:16:04.343] thr=1   paramiko.transport: Received global request "hostkeys-00@openssh.com"
DEB [20200926-19:16:04.343] thr=1   paramiko.transport: Rejecting "hostkeys-00@openssh.com" global request from server.
DEB [20200926-19:16:04.386] thr=1   paramiko.transport: [chan 0] Max packet out: 32768 bytes
DEB [20200926-19:16:04.386] thr=1   paramiko.transport: Secsh channel 0 opened.
DEB [20200926-19:16:04.393] thr=1   paramiko.transport: [chan 0] Sesch channel 0 request ok
DEB [20200926-19:16:04.711] thr=1   paramiko.transport: [chan 0] EOF received (0)
DEB [20200926-19:16:04.714] thr=1   paramiko.transport: [chan 0] EOF sent (0)
DEB [20200926-19:16:04.718] thr=2   paramiko.transport: [chan 1] Max packet in: 32768 bytes
DEB [20200926-19:16:04.810] thr=1   paramiko.transport: [chan 1] Max packet out: 32768 bytes
DEB [20200926-19:16:04.811] thr=1   paramiko.transport: Secsh channel 1 opened.
DEB [20200926-19:16:04.817] thr=1   paramiko.transport: [chan 1] Sesch channel 1 request ok
DEB [20200926-19:16:04.968] thr=1   paramiko.transport: [chan 1] EOF received (1)
DEB [20200926-19:16:04.971] thr=1   paramiko.transport: [chan 1] EOF sent (1)
DEB [20200926-19:16:04.973] thr=2   paramiko.transport: [chan 2] Max packet in: 32768 bytes
DEB [20200926-19:16:05.078] thr=1   paramiko.transport: [chan 2] Max packet out: 32768 bytes
DEB [20200926-19:16:05.079] thr=1   paramiko.transport: Secsh channel 2 opened.
DEB [20200926-19:16:05.084] thr=1   paramiko.transport: [chan 2] Sesch channel 2 request ok
DEB [20200926-19:16:05.405] thr=1   paramiko.transport: [chan 2] EOF received (2)
DEB [20200926-19:16:05.406] thr=1   paramiko.transport: [chan 2] EOF sent (2)
DEB [20200926-19:16:05.408] thr=2   paramiko.transport: [chan 3] Max packet in: 32768 bytes
DEB [20200926-19:16:05.529] thr=1   paramiko.transport: [chan 3] Max packet out: 32768 bytes
DEB [20200926-19:16:05.529] thr=1   paramiko.transport: Secsh channel 3 opened.
DEB [20200926-19:16:05.551] thr=1   paramiko.transport: [chan 3] Sesch channel 3 request ok
DEB [20200926-19:16:05.859] thr=1   paramiko.transport: [chan 3] EOF received (3)
DEB [20200926-19:16:05.860] thr=1   paramiko.transport: [chan 3] EOF sent (3)
DEB [20200926-19:16:05.865] thr=2   paramiko.transport: [chan 4] Max packet in: 32768 bytes
DEB [20200926-19:16:05.973] thr=1   paramiko.transport: [chan 4] Max packet out: 32768 bytes
DEB [20200926-19:16:05.973] thr=1   paramiko.transport: Secsh channel 4 opened.
DEB [20200926-19:16:05.999] thr=1   paramiko.transport: [chan 4] Sesch channel 4 request ok
DEB [20200926-19:16:06.423] thr=1   paramiko.transport: [chan 4] EOF received (4)
DEB [20200926-19:16:06.424] thr=1   paramiko.transport: [chan 4] EOF sent (4)
DEB [20200926-19:16:06.427] thr=2   paramiko.transport: [chan 5] Max packet in: 32768 bytes
DEB [20200926-19:16:06.534] thr=1   paramiko.transport: [chan 5] Max packet out: 32768 bytes
DEB [20200926-19:16:06.534] thr=1   paramiko.transport: Secsh channel 5 opened.
DEB [20200926-19:16:06.551] thr=1   paramiko.transport: [chan 5] Sesch channel 5 request ok
DEB [20200926-19:16:06.868] thr=1   paramiko.transport: [chan 5] EOF received (5)
DEB [20200926-19:16:06.869] thr=1   paramiko.transport: [chan 5] EOF sent (5)
DEB [20200926-19:16:06.873] thr=2   paramiko.transport: [chan 6] Max packet in: 32768 bytes
DEB [20200926-19:16:06.987] thr=1   paramiko.transport: [chan 6] Max packet out: 32768 bytes
DEB [20200926-19:16:06.987] thr=1   paramiko.transport: Secsh channel 6 opened.
DEB [20200926-19:16:07.094] thr=1   paramiko.transport: [chan 6] Sesch channel 6 request ok
DEB [20200926-19:16:07.602] thr=1   paramiko.transport: [chan 6] EOF received (6)
DEB [20200926-19:16:07.603] thr=1   paramiko.transport: [chan 6] EOF sent (6)
DEB [20200926-19:16:07.609] thr=2   paramiko.transport: [chan 7] Max packet in: 32768 bytes
DEB [20200926-19:16:07.704] thr=1   paramiko.transport: [chan 7] Max packet out: 32768 bytes
DEB [20200926-19:16:07.704] thr=1   paramiko.transport: Secsh channel 7 opened.
DEB [20200926-19:16:07.888] thr=1   paramiko.transport: [chan 7] Sesch channel 7 request ok
DEB [20200926-19:16:08.507] thr=1   paramiko.transport: [chan 7] EOF received (7)
DEB [20200926-19:16:08.507] thr=1   paramiko.transport: [chan 7] EOF sent (7)
DEB [20200926-19:16:08.509] thr=2   paramiko.transport: [chan 8] Max packet in: 32768 bytes
DEB [20200926-19:16:08.609] thr=1   paramiko.transport: [chan 8] Max packet out: 32768 bytes
DEB [20200926-19:16:08.609] thr=1   paramiko.transport: Secsh channel 8 opened.
DEB [20200926-19:16:08.616] thr=1   paramiko.transport: [chan 8] Sesch channel 8 request ok
DEB [20200926-19:16:08.708] thr=1   paramiko.transport: [chan 8] EOF received (8)
DEB [20200926-19:16:08.709] thr=1   paramiko.transport: [chan 8] EOF sent (8)
DEB [20200926-19:16:08.710] thr=2   paramiko.transport: [chan 9] Max packet in: 32768 bytes
DEB [20200926-19:16:08.812] thr=1   paramiko.transport: [chan 9] Max packet out: 32768 bytes
DEB [20200926-19:16:08.812] thr=1   paramiko.transport: Secsh channel 9 opened.
DEB [20200926-19:16:08.819] thr=1   paramiko.transport: [chan 9] Sesch channel 9 request ok
DEB [20200926-19:16:08.857] thr=1   paramiko.transport: [chan 9] EOF received (9)
DEB [20200926-19:16:08.857] thr=1   paramiko.transport: [chan 9] EOF sent (9)
DEB [20200926-19:16:08.858] thr=2   paramiko.transport: [chan 10] Max packet in: 32768 bytes
DEB [20200926-19:16:08.960] thr=1   paramiko.transport: [chan 10] Max packet out: 32768 bytes
DEB [20200926-19:16:08.960] thr=1   paramiko.transport: Secsh channel 10 opened.
DEB [20200926-19:16:08.963] thr=1   paramiko.transport: [chan 10] Sesch channel 10 request ok
DEB [20200926-19:16:09.007] thr=1   paramiko.transport: [chan 10] EOF received (10)
DEB [20200926-19:16:09.008] thr=1   paramiko.transport: [chan 10] EOF sent (10)
DEB [20200926-19:16:09.011] thr=2   paramiko.transport: [chan 11] Max packet in: 32768 bytes
DEB [20200926-19:16:09.110] thr=1   paramiko.transport: [chan 11] Max packet out: 32768 bytes
DEB [20200926-19:16:09.110] thr=1   paramiko.transport: Secsh channel 11 opened.
DEB [20200926-19:16:09.113] thr=1   paramiko.transport: [chan 11] Sesch channel 11 request ok
DEB [20200926-19:16:09.166] thr=1   paramiko.transport: [chan 11] EOF received (11)
DEB [20200926-19:16:09.167] thr=1   paramiko.transport: [chan 11] EOF sent (11)
DEB [20200926-19:16:09.168] thr=2   paramiko.transport: [chan 12] Max packet in: 32768 bytes
DEB [20200926-19:16:09.269] thr=1   paramiko.transport: [chan 12] Max packet out: 32768 bytes
DEB [20200926-19:16:09.269] thr=1   paramiko.transport: Secsh channel 12 opened.
DEB [20200926-19:16:09.273] thr=1   paramiko.transport: [chan 12] Sesch channel 12 request ok
DEB [20200926-19:16:09.329] thr=1   paramiko.transport: [chan 12] EOF received (12)
DEB [20200926-19:16:09.329] thr=2   paramiko.transport: [chan 12] EOF sent (12)
DEB [20200926-19:16:09.331] thr=2   paramiko.transport: [chan 13] Max packet in: 32768 bytes
DEB [20200926-19:16:09.429] thr=1   paramiko.transport: [chan 13] Max packet out: 32768 bytes
DEB [20200926-19:16:09.430] thr=1   paramiko.transport: Secsh channel 13 opened.
DEB [20200926-19:16:09.433] thr=1   paramiko.transport: [chan 13] Sesch channel 13 request ok
DEB [20200926-19:16:09.465] thr=1   paramiko.transport: [chan 13] EOF received (13)
DEB [20200926-19:16:09.466] thr=1   paramiko.transport: [chan 13] EOF sent (13)
DEB [20200926-19:16:09.467] thr=2   paramiko.transport: [chan 14] Max packet in: 32768 bytes
DEB [20200926-19:16:09.579] thr=1   paramiko.transport: [chan 14] Max packet out: 32768 bytes
DEB [20200926-19:16:09.579] thr=1   paramiko.transport: Secsh channel 14 opened.
DEB [20200926-19:16:09.612] thr=1   paramiko.transport: [chan 14] Sesch channel 14 request ok
DEB [20200926-19:16:09.722] thr=1   paramiko.transport: [chan 14] EOF received (14)
DEB [20200926-19:16:09.724] thr=1   paramiko.transport: [chan 14] EOF sent (14)
DEB [20200926-19:16:09.727] thr=2   paramiko.transport: [chan 15] Max packet in: 32768 bytes
DEB [20200926-19:16:09.819] thr=1   paramiko.transport: [chan 15] Max packet out: 32768 bytes
DEB [20200926-19:16:09.820] thr=1   paramiko.transport: Secsh channel 15 opened.
DEB [20200926-19:16:09.824] thr=1   paramiko.transport: [chan 15] Sesch channel 15 request ok
DEB [20200926-19:16:10.137] thr=1   paramiko.transport: [chan 15] EOF received (15)
DEB [20200926-19:16:10.138] thr=1   paramiko.transport: [chan 15] EOF sent (15)
DEB [20200926-19:16:10.140] thr=2   paramiko.transport: [chan 16] Max packet in: 32768 bytes
DEB [20200926-19:16:10.238] thr=1   paramiko.transport: [chan 16] Max packet out: 32768 bytes
DEB [20200926-19:16:10.239] thr=1   paramiko.transport: Secsh channel 16 opened.
DEB [20200926-19:16:10.243] thr=1   paramiko.transport: [chan 16] Sesch channel 16 request ok
DEB [20200926-19:16:10.284] thr=1   paramiko.transport: [chan 16] EOF received (16)
DEB [20200926-19:16:10.284] thr=1   paramiko.transport: [chan 16] EOF sent (16)
DEB [20200926-19:16:10.286] thr=2   paramiko.transport: [chan 17] Max packet in: 32768 bytes
DEB [20200926-19:16:10.378] thr=1   paramiko.transport: [chan 17] Max packet out: 32768 bytes
DEB [20200926-19:16:10.379] thr=1   paramiko.transport: Secsh channel 17 opened.
DEB [20200926-19:16:10.381] thr=1   paramiko.transport: [chan 17] Sesch channel 17 request ok
DEB [20200926-19:16:10.435] thr=1   paramiko.transport: [chan 17] EOF received (17)
DEB [20200926-19:16:10.436] thr=1   paramiko.transport: [chan 17] EOF sent (17)
DEB [20200926-19:16:10.437] thr=2   paramiko.transport: [chan 18] Max packet in: 32768 bytes
DEB [20200926-19:16:10.529] thr=1   paramiko.transport: [chan 18] Max packet out: 32768 bytes
DEB [20200926-19:16:10.529] thr=1   paramiko.transport: Secsh channel 18 opened.
DEB [20200926-19:16:10.533] thr=1   paramiko.transport: [chan 18] Sesch channel 18 request ok
DEB [20200926-19:16:11.815] thr=1   paramiko.transport: [chan 18] EOF received (18)
DEB [20200926-19:16:11.815] thr=1   paramiko.transport: [chan 18] EOF sent (18)
DEB [20200926-19:16:11.818] thr=1   paramiko.transport: Dropping user packet because connection is dead.
